\BOOKMARK [0][-]{contents.0}{Contents}{}% 1
\BOOKMARK [0][-]{section*.3}{Figures}{}% 2
\BOOKMARK [0][-]{section*.5}{Tables}{}% 3
\BOOKMARK [0][-]{section*.7}{Listings}{}% 4
\BOOKMARK [0][-]{section*.9}{Abbreviations}{}% 5
\BOOKMARK [0][-]{section*.10}{Symbols}{}% 6
\BOOKMARK [0][-]{chapter.1}{Motivation}{}% 7
\BOOKMARK [0][-]{chapter.2}{Methodology}{}% 8
\BOOKMARK [1][-]{section.2.1}{Overview}{chapter.2}% 9
\BOOKMARK [1][-]{section.2.2}{Literature Review}{chapter.2}% 10
\BOOKMARK [1][-]{section.2.3}{Empirical Research}{chapter.2}% 11
\BOOKMARK [1][-]{section.2.4}{Design Science}{chapter.2}% 12
\BOOKMARK [0][-]{chapter.3}{Research Background}{}% 13
\BOOKMARK [1][-]{section.3.1}{Domain}{chapter.3}% 14
\BOOKMARK [2][-]{subsection.3.1.1}{Business Process Outsourcing}{section.3.1}% 15
\BOOKMARK [2][-]{subsection.3.1.2}{Customer Management}{section.3.1}% 16
\BOOKMARK [2][-]{subsection.3.1.3}{Customer Management Business Process Outsourcing Providers}{section.3.1}% 17
\BOOKMARK [1][-]{section.3.2}{Reference Modeling}{chapter.3}% 18
\BOOKMARK [2][-]{subsection.3.2.1}{Concept}{section.3.2}% 19
\BOOKMARK [2][-]{subsection.3.2.2}{Benefits}{section.3.2}% 20
\BOOKMARK [2][-]{subsection.3.2.3}{icebricks as a means}{section.3.2}% 21
\BOOKMARK [0][-]{chapter.4}{Case}{}% 22
\BOOKMARK [1][-]{section.4.1}{DSR Application for Arvato}{chapter.4}% 23
\BOOKMARK [1][-]{section.4.2}{Problem Identification}{chapter.4}% 24
\BOOKMARK [1][-]{section.4.3}{Solution Objective and Stakeholders}{chapter.4}% 25
\BOOKMARK [1][-]{section.4.4}{Limitiations}{chapter.4}% 26
\BOOKMARK [0][-]{chapter.5}{Reference Model Construction}{}% 27
\BOOKMARK [1][-]{section.5.1}{Process Framework}{chapter.5}% 28
\BOOKMARK [1][-]{section.5.2}{Internal Services}{chapter.5}% 29
\BOOKMARK [2][-]{subsection.5.2.1}{...}{section.5.2}% 30
\BOOKMARK [1][-]{section.5.3}{Client Services}{chapter.5}% 31
\BOOKMARK [2][-]{subsection.5.3.1}{...}{section.5.3}% 32
\BOOKMARK [1][-]{section.5.4}{Customer Services}{chapter.5}% 33
\BOOKMARK [2][-]{subsection.5.4.1}{...}{section.5.4}% 34
\BOOKMARK [0][-]{chapter.6}{Evaluation}{}% 35
\BOOKMARK [1][-]{section.6.1}{Internal Services}{chapter.6}% 36
\BOOKMARK [1][-]{section.6.2}{Client Services}{chapter.6}% 37
\BOOKMARK [1][-]{section.6.3}{Customer Services}{chapter.6}% 38
\BOOKMARK [0][-]{chapter.7}{Conclusion}{}% 39
\BOOKMARK [0][-]{chapter.8}{Sample}{}% 40
\BOOKMARK [0][-]{chapter.9}{Elements}{}% 41
\BOOKMARK [1][-]{section.9.1}{Structure}{chapter.9}% 42
\BOOKMARK [2][-]{subsection.9.1.1}{Lists}{section.9.1}% 43
\BOOKMARK [2][-]{subsection.9.1.2}{Footnotes}{section.9.1}% 44
\BOOKMARK [2][-]{subsection.9.1.3}{ToDo-Notes}{section.9.1}% 45
\BOOKMARK [1][-]{section.9.2}{Formatting Text}{chapter.9}% 46
\BOOKMARK [2][-]{subsection.9.2.1}{Colors}{section.9.2}% 47
\BOOKMARK [1][-]{section.9.3}{Figures}{chapter.9}% 48
\BOOKMARK [2][-]{subsection.9.3.1}{Subfigures}{section.9.3}% 49
\BOOKMARK [1][-]{section.9.4}{Listings}{chapter.9}% 50
\BOOKMARK [1][-]{section.9.5}{Algorithms}{chapter.9}% 51
\BOOKMARK [1][-]{section.9.6}{Acronyms and Abbreviations}{chapter.9}% 52
\BOOKMARK [2][-]{subsection.9.6.1}{Common Abbreviations}{section.9.6}% 53
\BOOKMARK [2][-]{subsection.9.6.2}{Custom Abbreviations}{section.9.6}% 54
\BOOKMARK [2][-]{subsection.9.6.3}{Symbols}{section.9.6}% 55
\BOOKMARK [1][-]{section.9.7}{Citations and Bibliography}{chapter.9}% 56
\BOOKMARK [2][-]{subsection.9.7.1}{Misc}{section.9.7}% 57
\BOOKMARK [0][-]{chapter.10}{Compiling the document}{}% 58
\BOOKMARK [1][-]{section.10.1}{Known Issues}{chapter.10}% 59
\BOOKMARK [0][-]{appendix*.23}{Appendix}{}% 60
\BOOKMARK [1][-]{section.Alph0.1}{Some Appendix Section}{appendix*.23}% 61
\BOOKMARK [2][-]{subsection.Alph0.1.1}{Some Appendix Subsection}{section.Alph0.1}% 62
\BOOKMARK [0][-]{subsection.Alph0.1.1}{References}{}% 63
\BOOKMARK [0][-]{authorshipstatement.0}{Declaration of Authorship}{}% 64
